<?xml version="1.0" encoding="UTF-8"?>
<testsuite xmlns:xsi="http://www.w3.org/2001/XMLSchema-instance" xsi:noNamespaceSchemaLocation="https://maven.apache.org/surefire/maven-surefire-plugin/xsd/surefire-test-report.xsd" name="io.avi.MathUtilsTest" time="0.01" tests="2" errors="0" skipped="0" failures="0">
  <properties>
[...]
</properties>
  <testcase name="calculateCircleAreaTest" classname="io.avi.MathUtilsTest" time="0.006"/>
  <testcase name="test" classname="io.avi.MathUtilsTest" time="0"/>
</testsuite>